app/build/intermediates/manifest_merge_blame_file/productionDebug/processProductionDebugMainManifest/manifest-merger-blame-production-debug-report.txt
1<?xml version="1.0" encoding="utf-8"?>
2<manifest xmlns:android="http://schemas.android.com/apk/res/android"
3    package="com.app.weather"
4    android:versionCode="1"
5    android:versionName="1.0" >
6
7    <uses-sdk
8        android:minSdkVersion="24"
9        android:targetSdkVersion="34" />
10
11    <uses-permission android:name="android.permission.ACCESS_NETWORK_STATE" />
11-->src/main/AndroidManifest.xml:6:5-79
11-->src/main/AndroidManifest.xml:6:22-76
12    <uses-permission android:name="android.permission.INTERNET" />
12-->src/main/AndroidManifest.xml:7:5-67
12-->src/main/AndroidManifest.xml:7:22-64
13    <uses-permission android:name="android.permission.ACCESS_COARSE_LOCATION" />
13-->src/main/AndroidManifest.xml:8:5-80
13-->src/main/AndroidManifest.xml:8:22-78
14    <uses-permission android:name="android.permission.ACCESS_FINE_LOCATION" />
14-->src/main/AndroidManifest.xml:9:5-78
14-->src/main/AndroidManifest.xml:9:22-76
15
16    <queries>
16-->[com.github.chuckerteam.chucker:library:4.0.0] AndroidManifest.xml:7:5-13:15
17        <intent>
17-->[com.github.chuckerteam.chucker:library:4.0.0] AndroidManifest.xml:8:9-12:18
18            <action android:name="android.intent.action.CREATE_DOCUMENT" />
18-->[com.github.chuckerteam.chucker:library:4.0.0] AndroidManifest.xml:9:13-76
18-->[com.github.chuckerteam.chucker:library:4.0.0] AndroidManifest.xml:9:21-73
19
20            <data android:mimeType="*/*" />
20-->[com.github.chuckerteam.chucker:library:4.0.0] AndroidManifest.xml:11:13-44
20-->[com.github.chuckerteam.chucker:library:4.0.0] AndroidManifest.xml:11:19-41
21        </intent>
22    </queries>
23
24    <uses-permission
24-->[com.github.chuckerteam.chucker:library:4.0.0] AndroidManifest.xml:15:5-17:38
25        android:name="android.permission.WAKE_LOCK"
25-->[com.github.chuckerteam.chucker:library:4.0.0] AndroidManifest.xml:16:9-52
26        android:maxSdkVersion="25" />
26-->[com.github.chuckerteam.chucker:library:4.0.0] AndroidManifest.xml:17:9-35
27    <uses-permission android:name="android.permission.POST_NOTIFICATIONS" />
27-->[com.github.chuckerteam.chucker:library:4.0.0] AndroidManifest.xml:18:5-77
27-->[com.github.chuckerteam.chucker:library:4.0.0] AndroidManifest.xml:18:22-74
28
29    <permission
29-->[androidx.core:core:1.13.1] AndroidManifest.xml:22:5-24:47
30        android:name="com.app.weather.DYNAMIC_RECEIVER_NOT_EXPORTED_PERMISSION"
30-->[androidx.core:core:1.13.1] AndroidManifest.xml:23:9-81
31        android:protectionLevel="signature" />
31-->[androidx.core:core:1.13.1] AndroidManifest.xml:24:9-44
32
33    <uses-permission android:name="com.app.weather.DYNAMIC_RECEIVER_NOT_EXPORTED_PERMISSION" />
33-->[androidx.core:core:1.13.1] AndroidManifest.xml:26:5-97
33-->[androidx.core:core:1.13.1] AndroidManifest.xml:26:22-94
34
35    <application
35-->src/main/AndroidManifest.xml:11:5-34:19
36        android:name="com.app.weather.MyApp"
36-->src/main/AndroidManifest.xml:20:9-30
37        android:allowBackup="true"
37-->src/main/AndroidManifest.xml:12:9-35
38        android:appComponentFactory="androidx.core.app.CoreComponentFactory"
38-->[androidx.core:core:1.13.1] AndroidManifest.xml:28:18-86
39        android:dataExtractionRules="@xml/data_extraction_rules"
39-->src/main/AndroidManifest.xml:13:9-65
40        android:debuggable="true"
41        android:extractNativeLibs="false"
42        android:fullBackupContent="@xml/backup_rules"
42-->src/main/AndroidManifest.xml:14:9-54
43        android:icon="@drawable/logo"
43-->src/main/AndroidManifest.xml:15:9-38
44        android:label="@string/app_name"
44-->src/main/AndroidManifest.xml:16:9-41
45        android:roundIcon="@drawable/logo"
45-->src/main/AndroidManifest.xml:17:9-43
46        android:supportsRtl="true"
46-->src/main/AndroidManifest.xml:18:9-35
47        android:testOnly="true"
48        android:theme="@style/Theme.Base" >
48-->src/main/AndroidManifest.xml:19:9-42
49        <activity
49-->src/main/AndroidManifest.xml:23:9-33:20
50            android:name="com.app.weather.MainActivity"
50-->src/main/AndroidManifest.xml:24:13-41
51            android:exported="true"
51-->src/main/AndroidManifest.xml:25:13-36
52            android:label="@string/app_name"
52-->src/main/AndroidManifest.xml:26:13-45
53            android:theme="@style/Theme.Base" >
53-->src/main/AndroidManifest.xml:27:13-46
54            <intent-filter>
54-->src/main/AndroidManifest.xml:28:13-32:29
55                <action android:name="android.intent.action.MAIN" />
55-->src/main/AndroidManifest.xml:29:17-69
55-->src/main/AndroidManifest.xml:29:25-66
56
57                <category android:name="android.intent.category.LAUNCHER" />
57-->src/main/AndroidManifest.xml:31:17-77
57-->src/main/AndroidManifest.xml:31:27-74
58            </intent-filter>
59        </activity>
60        <activity
60-->[com.google.android.gms:play-services-base:18.5.0] AndroidManifest.xml:5:9-173
61            android:name="com.google.android.gms.common.api.GoogleApiActivity"
61-->[com.google.android.gms:play-services-base:18.5.0] AndroidManifest.xml:5:19-85
62            android:exported="false"
62-->[com.google.android.gms:play-services-base:18.5.0] AndroidManifest.xml:5:146-170
63            android:theme="@android:style/Theme.Translucent.NoTitleBar" />
63-->[com.google.android.gms:play-services-base:18.5.0] AndroidManifest.xml:5:86-145
64
65        <meta-data
65-->[com.google.android.gms:play-services-basement:18.4.0] AndroidManifest.xml:6:9-122
66            android:name="com.google.android.gms.version"
66-->[com.google.android.gms:play-services-basement:18.4.0] AndroidManifest.xml:6:20-65
67            android:value="@integer/google_play_services_version" />
67-->[com.google.android.gms:play-services-basement:18.4.0] AndroidManifest.xml:6:66-119
68
69        <activity
69-->[com.github.chuckerteam.chucker:library:4.0.0] AndroidManifest.xml:21:9-26:52
70            android:name="com.chuckerteam.chucker.internal.ui.MainActivity"
70-->[com.github.chuckerteam.chucker:library:4.0.0] AndroidManifest.xml:22:13-76
71            android:label="@string/chucker_name"
71-->[com.github.chuckerteam.chucker:library:4.0.0] AndroidManifest.xml:23:13-49
72            android:launchMode="singleTask"
72-->[com.github.chuckerteam.chucker:library:4.0.0] AndroidManifest.xml:24:13-44
73            android:taskAffinity="com.chuckerteam.chucker.task"
73-->[com.github.chuckerteam.chucker:library:4.0.0] AndroidManifest.xml:25:13-64
74            android:theme="@style/Chucker.Theme" />
74-->[com.github.chuckerteam.chucker:library:4.0.0] AndroidManifest.xml:26:13-49
75        <activity
75-->[com.github.chuckerteam.chucker:library:4.0.0] AndroidManifest.xml:27:9-30:52
76            android:name="com.chuckerteam.chucker.internal.ui.transaction.TransactionActivity"
76-->[com.github.chuckerteam.chucker:library:4.0.0] AndroidManifest.xml:28:13-95
77            android:parentActivityName="com.chuckerteam.chucker.internal.ui.MainActivity"
77-->[com.github.chuckerteam.chucker:library:4.0.0] AndroidManifest.xml:29:13-90
78            android:theme="@style/Chucker.Theme" />
78-->[com.github.chuckerteam.chucker:library:4.0.0] AndroidManifest.xml:30:13-49
79
80        <service
80-->[com.github.chuckerteam.chucker:library:4.0.0] AndroidManifest.xml:32:9-35:72
81            android:name="com.chuckerteam.chucker.internal.support.ClearDatabaseService"
81-->[com.github.chuckerteam.chucker:library:4.0.0] AndroidManifest.xml:33:13-89
82            android:exported="false"
82-->[com.github.chuckerteam.chucker:library:4.0.0] AndroidManifest.xml:34:13-37
83            android:permission="android.permission.BIND_JOB_SERVICE" />
83-->[com.github.chuckerteam.chucker:library:4.0.0] AndroidManifest.xml:35:13-69
84
85        <receiver
85-->[com.github.chuckerteam.chucker:library:4.0.0] AndroidManifest.xml:37:9-39:40
86            android:name="com.chuckerteam.chucker.internal.support.ClearDatabaseJobIntentServiceReceiver"
86-->[com.github.chuckerteam.chucker:library:4.0.0] AndroidManifest.xml:38:13-106
87            android:exported="false" />
87-->[com.github.chuckerteam.chucker:library:4.0.0] AndroidManifest.xml:39:13-37
88
89        <provider
89-->[com.github.chuckerteam.chucker:library:4.0.0] AndroidManifest.xml:41:9-49:20
90            android:name="com.chuckerteam.chucker.internal.support.ChuckerFileProvider"
90-->[com.github.chuckerteam.chucker:library:4.0.0] AndroidManifest.xml:42:13-88
91            android:authorities="com.app.weather.com.chuckerteam.chucker.provider"
91-->[com.github.chuckerteam.chucker:library:4.0.0] AndroidManifest.xml:43:13-84
92            android:exported="false"
92-->[com.github.chuckerteam.chucker:library:4.0.0] AndroidManifest.xml:44:13-37
93            android:grantUriPermissions="true" >
93-->[com.github.chuckerteam.chucker:library:4.0.0] AndroidManifest.xml:45:13-47
94            <meta-data
94-->[com.github.chuckerteam.chucker:library:4.0.0] AndroidManifest.xml:46:13-48:66
95                android:name="android.support.FILE_PROVIDER_PATHS"
95-->[com.github.chuckerteam.chucker:library:4.0.0] AndroidManifest.xml:47:17-67
96                android:resource="@xml/chucker_provider_paths" />
96-->[com.github.chuckerteam.chucker:library:4.0.0] AndroidManifest.xml:48:17-63
97        </provider>
98        <provider
98-->[androidx.emoji2:emoji2:1.3.0] AndroidManifest.xml:24:9-32:20
99            android:name="androidx.startup.InitializationProvider"
99-->[androidx.emoji2:emoji2:1.3.0] AndroidManifest.xml:25:13-67
100            android:authorities="com.app.weather.androidx-startup"
100-->[androidx.emoji2:emoji2:1.3.0] AndroidManifest.xml:26:13-68
101            android:exported="false" >
101-->[androidx.emoji2:emoji2:1.3.0] AndroidManifest.xml:27:13-37
102            <meta-data
102-->[androidx.emoji2:emoji2:1.3.0] AndroidManifest.xml:29:13-31:52
103                android:name="androidx.emoji2.text.EmojiCompatInitializer"
103-->[androidx.emoji2:emoji2:1.3.0] AndroidManifest.xml:30:17-75
104                android:value="androidx.startup" />
104-->[androidx.emoji2:emoji2:1.3.0] AndroidManifest.xml:31:17-49
105            <meta-data
105-->[androidx.lifecycle:lifecycle-process:2.7.0] AndroidManifest.xml:29:13-31:52
106                android:name="androidx.lifecycle.ProcessLifecycleInitializer"
106-->[androidx.lifecycle:lifecycle-process:2.7.0] AndroidManifest.xml:30:17-78
107                android:value="androidx.startup" />
107-->[androidx.lifecycle:lifecycle-process:2.7.0] AndroidManifest.xml:31:17-49
108            <meta-data
108-->[androidx.profileinstaller:profileinstaller:1.3.1] AndroidManifest.xml:29:13-31:52
109                android:name="androidx.profileinstaller.ProfileInstallerInitializer"
109-->[androidx.profileinstaller:profileinstaller:1.3.1] AndroidManifest.xml:30:17-85
110                android:value="androidx.startup" />
110-->[androidx.profileinstaller:profileinstaller:1.3.1] AndroidManifest.xml:31:17-49
111        </provider>
112
113        <activity
113-->[androidx.compose.ui:ui-test-manifest:1.6.7] AndroidManifest.xml:23:9-25:39
114            android:name="androidx.activity.ComponentActivity"
114-->[androidx.compose.ui:ui-test-manifest:1.6.7] AndroidManifest.xml:24:13-63
115            android:exported="true" />
115-->[androidx.compose.ui:ui-test-manifest:1.6.7] AndroidManifest.xml:25:13-36
116        <activity
116-->[androidx.compose.ui:ui-tooling-android:1.6.7] AndroidManifest.xml:23:9-25:39
117            android:name="androidx.compose.ui.tooling.PreviewActivity"
117-->[androidx.compose.ui:ui-tooling-android:1.6.7] AndroidManifest.xml:24:13-71
118            android:exported="true" />
118-->[androidx.compose.ui:ui-tooling-android:1.6.7] AndroidManifest.xml:25:13-36
119
120        <service
120-->[androidx.room:room-runtime:2.5.2] AndroidManifest.xml:24:9-28:63
121            android:name="androidx.room.MultiInstanceInvalidationService"
121-->[androidx.room:room-runtime:2.5.2] AndroidManifest.xml:25:13-74
122            android:directBootAware="true"
122-->[androidx.room:room-runtime:2.5.2] AndroidManifest.xml:26:13-43
123            android:exported="false" />
123-->[androidx.room:room-runtime:2.5.2] AndroidManifest.xml:27:13-37
124
125        <receiver
125-->[androidx.profileinstaller:profileinstaller:1.3.1] AndroidManifest.xml:34:9-52:20
126            android:name="androidx.profileinstaller.ProfileInstallReceiver"
126-->[androidx.profileinstaller:profileinstaller:1.3.1] AndroidManifest.xml:35:13-76
127            android:directBootAware="false"
127-->[androidx.profileinstaller:profileinstaller:1.3.1] AndroidManifest.xml:36:13-44
128            android:enabled="true"
128-->[androidx.profileinstaller:profileinstaller:1.3.1] AndroidManifest.xml:37:13-35
129            android:exported="true"
129-->[androidx.profileinstaller:profileinstaller:1.3.1] AndroidManifest.xml:38:13-36
130            android:permission="android.permission.DUMP" >
130-->[androidx.profileinstaller:profileinstaller:1.3.1] AndroidManifest.xml:39:13-57
131            <intent-filter>
131-->[androidx.profileinstaller:profileinstaller:1.3.1] AndroidManifest.xml:40:13-42:29
132                <action android:name="androidx.profileinstaller.action.INSTALL_PROFILE" />
132-->[androidx.profileinstaller:profileinstaller:1.3.1] AndroidManifest.xml:41:17-91
132-->[androidx.profileinstaller:profileinstaller:1.3.1] AndroidManifest.xml:41:25-88
133            </intent-filter>
134            <intent-filter>
134-->[androidx.profileinstaller:profileinstaller:1.3.1] AndroidManifest.xml:43:13-45:29
135                <action android:name="androidx.profileinstaller.action.SKIP_FILE" />
135-->[androidx.profileinstaller:profileinstaller:1.3.1] AndroidManifest.xml:44:17-85
135-->[androidx.profileinstaller:profileinstaller:1.3.1] AndroidManifest.xml:44:25-82
136            </intent-filter>
137            <intent-filter>
137-->[androidx.profileinstaller:profileinstaller:1.3.1] AndroidManifest.xml:46:13-48:29
138                <action android:name="androidx.profileinstaller.action.SAVE_PROFILE" />
138-->[androidx.profileinstaller:profileinstaller:1.3.1] AndroidManifest.xml:47:17-88
138-->[androidx.profileinstaller:profileinstaller:1.3.1] AndroidManifest.xml:47:25-85
139            </intent-filter>
140            <intent-filter>
140-->[androidx.profileinstaller:profileinstaller:1.3.1] AndroidManifest.xml:49:13-51:29
141                <action android:name="androidx.profileinstaller.action.BENCHMARK_OPERATION" />
141-->[androidx.profileinstaller:profileinstaller:1.3.1] AndroidManifest.xml:50:17-95
141-->[androidx.profileinstaller:profileinstaller:1.3.1] AndroidManifest.xml:50:25-92
142            </intent-filter>
143        </receiver>
144    </application>
145
146</manifest>